

times in msec
 clock   self+sourced   self:  sourced script
 clock   elapsed:              other lines

000.024  000.024: --- NVIM STARTING ---
000.173  000.149: event init
000.348  000.174: early init
000.814  000.466: locale set
000.864  000.050: init first window
001.267  000.403: inits 1
001.281  000.014: window checked
001.289  000.009: parsing arguments
001.740  000.075  000.075: require('vim.shared')
001.843  000.040  000.040: require('vim._meta')
001.844  000.101  000.061: require('vim._editor')
001.846  000.211  000.035: require('vim._init_packages')
001.847  000.347: init lua interpreter
004.758  002.910: expanding arguments
004.836  000.079: inits 2
005.092  000.256: init highlight
005.093  000.001: waiting for UI
007.569  002.476: done waiting for UI
007.592  000.024: init screen for UI
007.837  000.244: init default mappings
007.890  000.054: init default autocommands
008.640  000.097  000.097: sourcing /Users/connormeehan/.asdf/installs/neovim/0.8.0/share/nvim/runtime/ftplugin.vim
008.742  000.028  000.028: sourcing /Users/connormeehan/.asdf/installs/neovim/0.8.0/share/nvim/runtime/indent.vim
009.140  000.213  000.213: require('core')
009.422  000.170  000.170: require('core.utils')
009.778  000.283  000.283: require('core.mappings')
009.780  000.356  000.072: require('core.default_config')
010.189  001.047  000.521: require('core.options')
010.668  000.018  000.018: require('vim.keymap')
011.716  002.866  001.588: sourcing /Users/connormeehan/.config/nvim/init.lua
011.745  000.864: sourcing vimrc file(s)
012.132  000.241  000.241: sourcing /Users/connormeehan/.asdf/installs/neovim/0.8.0/share/nvim/runtime/filetype.lua
012.237  000.042  000.042: sourcing /Users/connormeehan/.asdf/installs/neovim/0.8.0/share/nvim/runtime/filetype.vim
012.511  000.112  000.112: sourcing /Users/connormeehan/.asdf/installs/neovim/0.8.0/share/nvim/runtime/syntax/synload.vim
012.689  000.382  000.269: sourcing /Users/connormeehan/.asdf/installs/neovim/0.8.0/share/nvim/runtime/syntax/syntax.vim
013.483  000.012  000.012: require('vim.F')
014.333  000.041  000.041: sourcing /Users/connormeehan/.asdf/installs/neovim/0.8.0/share/nvim/runtime/plugin/gzip.vim
014.391  000.016  000.016: sourcing /Users/connormeehan/.asdf/installs/neovim/0.8.0/share/nvim/runtime/plugin/health.vim
014.441  000.014  000.014: sourcing /Users/connormeehan/.asdf/installs/neovim/0.8.0/share/nvim/runtime/plugin/matchit.vim
014.637  000.161  000.161: sourcing /Users/connormeehan/.asdf/installs/neovim/0.8.0/share/nvim/runtime/plugin/matchparen.vim
014.696  000.016  000.016: sourcing /Users/connormeehan/.asdf/installs/neovim/0.8.0/share/nvim/runtime/plugin/netrwPlugin.vim
014.930  000.013  000.013: sourcing /Users/connormeehan/.local/share/nvim/rplugin.vim
014.939  000.206  000.194: sourcing /Users/connormeehan/.asdf/installs/neovim/0.8.0/share/nvim/runtime/plugin/rplugin.vim
015.121  000.099  000.099: sourcing /Users/connormeehan/.asdf/installs/neovim/0.8.0/share/nvim/runtime/plugin/shada.vim
015.201  000.016  000.016: sourcing /Users/connormeehan/.asdf/installs/neovim/0.8.0/share/nvim/runtime/plugin/spellfile.vim
015.286  000.027  000.027: sourcing /Users/connormeehan/.asdf/installs/neovim/0.8.0/share/nvim/runtime/plugin/tarPlugin.vim
015.345  000.013  000.013: sourcing /Users/connormeehan/.asdf/installs/neovim/0.8.0/share/nvim/runtime/plugin/tohtml.vim
015.412  000.024  000.024: sourcing /Users/connormeehan/.asdf/installs/neovim/0.8.0/share/nvim/runtime/plugin/tutor.vim
015.469  000.016  000.016: sourcing /Users/connormeehan/.asdf/installs/neovim/0.8.0/share/nvim/runtime/plugin/zipPlugin.vim
017.592  000.741  000.741: require('core.lazy_load')
019.108  000.295  000.295: require('base46')
019.815  000.510  000.510: require('base46.themes.onedark')
020.156  001.044  000.534: require('base46.integrations.defaults')
020.422  000.264  000.264: require('base46.glassy')
021.280  000.441  000.441: require('base46.integrations.statusline')
022.252  000.325  000.325: require('base46.integrations.syntax')
024.076  000.920  000.920: require('packer.load')
025.583  000.359  000.359: require('nvchad_ui.config')
025.647  002.496  001.216: require('nvchad_ui')
025.868  000.191  000.191: require('nvchad_ui.tabufline.lazyload')
026.526  010.593  004.795: sourcing /Users/connormeehan/.config/nvim/plugin/packer_compiled.lua
027.288  000.122  000.122: sourcing /Users/connormeehan/.asdf/installs/neovim/0.8.0/share/nvim/runtime/plugin/man.lua
027.400  003.615: loading rtp plugins
027.890  000.491: loading packages
028.022  000.132: loading after plugins
028.037  000.015: inits 3
034.429  006.392: reading ShaDa
034.565  000.136: opening buffers
034.580  000.015: BufEnter autocommands
034.585  000.004: editing files in windows
034.643  000.058: VimEnter autocommands
034.645  000.002: UIEnter autocommands
034.969  000.203  000.203: sourcing /Users/connormeehan/.asdf/installs/neovim/0.8.0/share/nvim/runtime/autoload/provider/clipboard.vim
034.976  000.128: before starting main loop
035.730  000.183  000.183: require('nvchad_ui.statusline')
036.108  000.137  000.137: require('nvchad_ui.icons')
036.113  000.377  000.239: require('nvchad_ui.statusline.modules')
036.640  001.105: first screen update
036.642  000.002: --- NVIM STARTED ---


times in msec
 clock   self+sourced   self:  sourced script
 clock   elapsed:              other lines

000.018  000.018: --- NVIM STARTING ---
000.138  000.120: event init
000.324  000.187: early init
000.767  000.443: locale set
000.837  000.070: init first window
001.308  000.471: inits 1
001.324  000.016: window checked
001.512  000.188: parsing arguments
002.037  000.102  000.102: require('vim.shared')
002.175  000.042  000.042: require('vim._meta')
002.177  000.137  000.095: require('vim._editor')
002.178  000.278  000.039: require('vim._init_packages')
002.180  000.390: init lua interpreter
004.715  002.536: expanding arguments
004.798  000.083: inits 2
005.079  000.281: init highlight
005.080  000.001: waiting for UI
007.604  002.523: done waiting for UI
007.634  000.030: init screen for UI
007.960  000.326: init default mappings
007.978  000.018: init default autocommands
008.814  000.108  000.108: sourcing /Users/connormeehan/.asdf/installs/neovim/0.8.0/share/nvim/runtime/ftplugin.vim
008.924  000.029  000.029: sourcing /Users/connormeehan/.asdf/installs/neovim/0.8.0/share/nvim/runtime/indent.vim
009.391  000.263  000.263: require('core')
009.714  000.175  000.175: require('core.utils')
010.095  000.306  000.306: require('core.mappings')
010.098  000.381  000.075: require('core.default_config')
010.557  001.164  000.607: require('core.options')
010.844  000.014  000.014: require('vim.keymap')
012.029  002.991  001.551: sourcing /Users/connormeehan/.config/nvim/init.lua
012.064  000.957: sourcing vimrc file(s)
012.771  000.326  000.326: sourcing /Users/connormeehan/.asdf/installs/neovim/0.8.0/share/nvim/runtime/filetype.lua
012.871  000.027  000.027: sourcing /Users/connormeehan/.asdf/installs/neovim/0.8.0/share/nvim/runtime/filetype.vim
013.157  000.115  000.115: sourcing /Users/connormeehan/.asdf/installs/neovim/0.8.0/share/nvim/runtime/syntax/synload.vim
013.331  000.379  000.264: sourcing /Users/connormeehan/.asdf/installs/neovim/0.8.0/share/nvim/runtime/syntax/syntax.vim
013.821  000.011  000.011: require('vim.F')
014.745  000.037  000.037: sourcing /Users/connormeehan/.asdf/installs/neovim/0.8.0/share/nvim/runtime/plugin/gzip.vim
014.809  000.017  000.017: sourcing /Users/connormeehan/.asdf/installs/neovim/0.8.0/share/nvim/runtime/plugin/health.vim
014.864  000.016  000.016: sourcing /Users/connormeehan/.asdf/installs/neovim/0.8.0/share/nvim/runtime/plugin/matchit.vim
015.097  000.196  000.196: sourcing /Users/connormeehan/.asdf/installs/neovim/0.8.0/share/nvim/runtime/plugin/matchparen.vim
015.190  000.034  000.034: sourcing /Users/connormeehan/.asdf/installs/neovim/0.8.0/share/nvim/runtime/plugin/netrwPlugin.vim
015.537  000.016  000.016: sourcing /Users/connormeehan/.local/share/nvim/rplugin.vim
015.550  000.299  000.283: sourcing /Users/connormeehan/.asdf/installs/neovim/0.8.0/share/nvim/runtime/plugin/rplugin.vim
015.688  000.096  000.096: sourcing /Users/connormeehan/.asdf/installs/neovim/0.8.0/share/nvim/runtime/plugin/shada.vim
015.766  000.014  000.014: sourcing /Users/connormeehan/.asdf/installs/neovim/0.8.0/share/nvim/runtime/plugin/spellfile.vim
015.829  000.020  000.020: sourcing /Users/connormeehan/.asdf/installs/neovim/0.8.0/share/nvim/runtime/plugin/tarPlugin.vim
015.903  000.015  000.015: sourcing /Users/connormeehan/.asdf/installs/neovim/0.8.0/share/nvim/runtime/plugin/tohtml.vim
015.978  000.026  000.026: sourcing /Users/connormeehan/.asdf/installs/neovim/0.8.0/share/nvim/runtime/plugin/tutor.vim
016.047  000.021  000.021: sourcing /Users/connormeehan/.asdf/installs/neovim/0.8.0/share/nvim/runtime/plugin/zipPlugin.vim
018.051  000.790  000.790: require('core.lazy_load')
019.763  000.321  000.321: require('base46')
020.179  000.214  000.214: require('base46.themes.onedark')
020.533  000.766  000.552: require('base46.integrations.defaults')
020.751  000.215  000.215: require('base46.glassy')
021.632  000.451  000.451: require('base46.integrations.statusline')
022.563  000.335  000.335: require('base46.integrations.syntax')
024.647  001.173  001.173: require('packer.load')
027.334  000.659  000.659: require('nvchad_ui.config')
027.386  003.919  002.087: require('nvchad_ui')
027.630  000.215  000.215: require('nvchad_ui.tabufline.lazyload')
028.244  011.906  004.893: sourcing /Users/connormeehan/.config/nvim/plugin/packer_compiled.lua
029.328  000.154  000.154: sourcing /Users/connormeehan/.asdf/installs/neovim/0.8.0/share/nvim/runtime/plugin/man.lua
029.371  003.711: loading rtp plugins
029.999  000.628: loading packages
030.055  000.057: loading after plugins
030.075  000.019: inits 3
035.942  005.867: reading ShaDa
040.377  001.130  001.130: require('vim.filetype')
041.481  000.041  000.041: sourcing /Users/connormeehan/.asdf/installs/neovim/0.8.0/share/nvim/runtime/ftplugin/json.vim
042.718  000.134  000.134: sourcing /Users/connormeehan/.asdf/installs/neovim/0.8.0/share/nvim/runtime/indent/json.vim
043.531  000.309  000.309: sourcing /Users/connormeehan/.asdf/installs/neovim/0.8.0/share/nvim/runtime/syntax/json.vim
045.150  000.339  000.339: require('packer.util')
045.242  001.517  001.177: require('packer')
048.204  000.265  000.265: require('nvim-treesitter.utils')
049.924  000.146  000.146: require('vim.treesitter.language')
049.933  000.536  000.390: require('vim.treesitter.query')
050.265  000.330  000.330: require('vim.treesitter.languagetree')
050.327  001.206  000.340: require('vim.treesitter')
050.424  002.216  001.010: require('nvim-treesitter.parsers')
051.925  000.367  000.367: require('nvim-treesitter.ts_utils')
051.932  000.609  000.243: require('nvim-treesitter.tsrange')
052.042  000.108  000.108: require('nvim-treesitter.caching')
052.053  001.043  000.326: require('nvim-treesitter.query')
052.074  001.430  000.386: require('nvim-treesitter.configs')
052.077  001.651  000.222: require('nvim-treesitter.info')
052.330  000.251  000.251: require('nvim-treesitter.shell_command_selectors')
052.360  005.206  000.823: require('nvim-treesitter.install')
052.475  000.113  000.113: require('nvim-treesitter.statusline')
052.665  000.188  000.188: require('nvim-treesitter.query_predicates')
052.668  006.527  001.021: require('nvim-treesitter')
053.553  000.328  000.328: require('vim.treesitter.highlighter')
053.915  000.963  000.635: require('nvim-treesitter.highlight')
054.291  008.249  000.759: sourcing /Users/connormeehan/.local/share/nvim/site/pack/packer/opt/nvim-treesitter/plugin/nvim-treesitter.lua
054.964  000.314  000.314: require('base46.integrations.treesitter')
057.101  000.276  000.276: require('nvim-treesitter.indent')
057.181  002.666  002.076: require('plugins.configs.treesitter')
081.127  031.139: opening buffers
081.147  000.020: BufEnter autocommands
081.152  000.005: editing files in windows
081.223  000.072: VimEnter autocommands
081.225  000.002: UIEnter autocommands
081.599  000.228  000.228: sourcing /Users/connormeehan/.asdf/installs/neovim/0.8.0/share/nvim/runtime/autoload/provider/clipboard.vim
081.606  000.153: before starting main loop
084.555  000.235  000.235: require('nvchad_ui.statusline')
085.124  000.230  000.230: require('nvchad_ui.icons')
085.136  000.573  000.343: require('nvchad_ui.statusline.modules')
085.596  000.051  000.051: sourcing /Users/connormeehan/.local/share/nvim/site/pack/packer/opt/nvim-web-devicons/plugin/nvim-web-devicons.vim
086.706  000.909  000.909: require('plugins.configs.others')
087.755  001.046  001.046: require('nvim-web-devicons')
088.179  000.416  000.416: require('base46.integrations.devicons')
091.165  006.016  003.594: require('nvim-web-devicons')
091.697  003.267: first screen update
091.700  000.003: --- NVIM STARTED ---


times in msec
 clock   self+sourced   self:  sourced script
 clock   elapsed:              other lines

000.007  000.007: --- NVIM STARTING ---
000.937  000.930: event init
001.114  000.177: early init
001.516  000.402: locale set
001.561  000.045: init first window
001.967  000.405: inits 1
001.983  000.017: window checked
002.111  000.127: parsing arguments
002.572  000.074  000.074: require('vim.shared')
002.713  000.077  000.077: require('vim._meta')
002.715  000.140  000.063: require('vim._editor')
002.717  000.250  000.037: require('vim._init_packages')
002.718  000.357: init lua interpreter
005.534  002.815: expanding arguments
005.611  000.077: inits 2
005.867  000.256: init highlight
005.868  000.001: waiting for UI
008.607  002.739: done waiting for UI
008.634  000.027: init screen for UI
008.903  000.270: init default mappings
008.922  000.019: init default autocommands
011.819  000.897  000.897: sourcing /Users/connormeehan/.asdf/installs/neovim/0.8.0/share/nvim/runtime/ftplugin.vim
012.846  000.811  000.811: sourcing /Users/connormeehan/.asdf/installs/neovim/0.8.0/share/nvim/runtime/indent.vim
016.396  000.701  000.701: require('doom.core.system')
017.115  000.712  000.712: require('doom.utils.fs')
017.128  002.920  001.506: require('doom.utils')
017.138  003.616  000.696: require('doom.services.profiler')
020.050  001.187  001.187: require('doom.core.doom_global')
020.738  000.683  000.683: require('doom.utils.logging')
021.866  001.124  001.124: require('doom.core.config')
026.559  001.008  001.008: require('doom.services.keymaps')
027.108  000.544  000.544: require('doom.services.commands')
028.238  001.126  001.126: require('doom.services.autocommands')
028.243  004.605  001.927: require('doom.core.modules')
028.250  005.957  001.351: require('doom.core.functions')
029.948  000.560  000.560: require('doom.modules')
029.958  001.175  000.615: require('doom.modules.features.annotations')
030.908  000.686  000.686: require('doom.modules.features.auto_install')
031.860  000.697  000.697: require('doom.modules.features.autopairs')
032.620  000.501  000.501: require('doom.modules.features.comment')
033.534  000.687  000.687: require('doom.modules.features.linter')
035.126  001.377  001.377: require('doom.modules.features.lsp')
035.870  000.529  000.529: require('doom.modules.features.extra_snippets')
037.205  001.106  001.106: require('doom.modules.features.auto_session')
038.183  000.689  000.689: require('doom.modules.features.colorizer')
039.019  000.552  000.552: require('doom.modules.features.editorconfig')
039.839  000.554  000.554: require('doom.modules.features.gitsigns')
040.832  000.617  000.617: require('doom.modules.features.illuminate')
041.664  000.587  000.587: require('doom.modules.features.indentlines')
042.471  000.574  000.574: require('doom.modules.features.range_highlight')
043.462  000.620  000.620: require('doom.modules.features.todo_comments')
044.424  000.634  000.634: require('doom.modules.features.zen')
045.167  000.534  000.534: require('doom.modules.features.lsp_progress')
046.541  001.139  001.139: require('doom.modules.features.tabline')
047.851  001.067  001.067: require('doom.modules.features.dashboard')
048.821  000.625  000.625: require('doom.modules.features.trouble')
050.589  001.558  001.558: require('doom.modules.features.statusline')
051.379  000.547  000.547: require('doom.modules.features.minimap')
052.181  000.561  000.561: require('doom.modules.features.terminal')
053.018  000.557  000.557: require('doom.modules.features.ranger')
054.386  001.139  001.139: require('doom.modules.features.mapper')
055.683  001.090  001.090: require('doom.modules.features.dap')
056.570  000.587  000.587: require('doom.modules.features.repl')
057.958  001.116  001.116: require('doom.modules.features.explorer')
058.815  000.582  000.582: require('doom.modules.features.firenvim')
059.538  000.479  000.479: require('doom.modules.features.lazygit')
060.430  000.620  000.620: require('doom.modules.features.neogit')
061.377  000.711  000.711: require('doom.modules.features.neorg')
062.246  000.631  000.631: require('doom.modules.features.projects')
063.506  000.538  000.538: require('doom.modules.features.superman')
064.175  000.432  000.432: require('doom.modules.features.suda')
065.817  001.370  001.370: require('doom.modules.features.telescope')
066.961  000.731  000.731: require('doom.modules.features.whichkey')
070.799  001.870  001.870: require('doom.modules.core.doc_gen.mini_doc_config')
070.808  003.428  001.558: require('doom.modules.core.doc_gen')
072.545  001.398  001.398: require('doom.modules.core.required')
074.227  001.376  001.376: require('doom.modules.core.reloader')
075.083  000.657  000.657: require('doom.modules.core.treesitter')
076.181  000.817  000.817: require('doom.modules.core.updater')
078.132  001.074  001.074: require('doom.modules.langs.utils')
078.138  001.716  000.642: require('doom.modules.langs.lua')
078.897  000.518  000.518: require('doom.modules.langs.python')
079.587  000.478  000.478: require('doom.modules.langs.bash')
080.322  000.531  000.531: require('doom.modules.langs.fish')
081.095  000.560  000.560: require('doom.modules.langs.gdscript')
081.541  000.243  000.243: require('doom.modules.langs.php')
082.222  000.495  000.495: require('doom.modules.langs.ruby')
083.073  000.230  000.230: require('doom.modules.langs.typescript')
083.077  000.672  000.442: require('doom.modules.langs.javascript')
083.922  000.335  000.335: require('doom.modules.langs.css')
085.219  000.969  000.969: require('doom.modules.langs.vue')
086.058  000.507  000.507: require('doom.modules.langs.tailwindcss')
086.595  000.258  000.258: require('doom.modules.langs.svelte')
087.047  000.234  000.234: require('doom.modules.langs.rust')
087.677  000.327  000.327: require('doom.modules.langs.cc')
088.204  000.276  000.276: require('doom.modules.langs.ocaml')
088.958  000.529  000.529: require('doom.modules.langs.haskell')
089.482  000.285  000.285: require('doom.modules.langs.c_sharp')
089.985  000.282  000.282: require('doom.modules.langs.kotlin')
090.476  000.264  000.264: require('doom.modules.langs.java')
091.032  000.315  000.315: require('doom.modules.langs.json')
091.922  000.592  000.592: require('doom.modules.langs.yaml')
092.504  000.283  000.283: require('doom.modules.langs.toml')
093.084  000.319  000.319: require('doom.modules.langs.markdown')
094.002  000.601  000.601: require('doom.modules.langs.terraform')
094.575  000.305  000.305: require('doom.modules.langs.dockerfile')
095.098  000.268  000.268: require('doom.modules.langs.nix')
097.988  000.638  000.638: require('nightfox.lib.collect')
098.639  000.647  000.647: require('nightfox.util')
098.892  002.197  000.912: require('nightfox.config')
100.237  000.656  000.656: require('nightfox.lib.highlight')
100.244  001.349  000.694: require('nightfox.main')
100.667  000.415  000.415: require('nightfox.override')
102.874  006.593  002.632: sourcing /Users/connormeehan/.local/share/nvim/site/pack/packer/start/nightfox.nvim/colors/nordfox.vim
102.899  007.099  000.506: require('doom.core.ui')
104.158  001.251  001.251: require('doom.core.commands')
107.054  000.794  000.794: require('packer.util')
107.095  002.914  002.120: require('packer')
109.521  000.689  000.689: require('packer.log')
109.527  001.076  000.386: require('packer.async')
110.630  000.443  000.443: require('packer.result')
110.638  001.109  000.666: require('packer.jobs')
110.651  003.314  001.129: require('packer.plugin_utils')
111.339  000.662  000.662: require('packer.snapshot')
111.765  000.018  000.018: require('vim.keymap')
120.075  001.277  001.277: require('vim.lsp.log')
122.615  000.012  000.012: require('vim.F')
122.620  002.539  002.527: require('vim.lsp.protocol')
126.306  001.297  001.297: require('vim.lsp._snippet')
127.048  000.738  000.738: require('vim.highlight')
127.075  004.454  002.419: require('vim.lsp.util')
127.119  009.783  001.513: require('vim.lsp.handlers')
128.177  001.056  001.056: require('vim.lsp.rpc')
129.305  001.125  001.125: require('vim.lsp.sync')
130.713  001.405  001.405: require('vim.lsp.buf')
131.414  000.699  000.699: require('vim.lsp.diagnostic')
132.024  000.569  000.569: require('vim.lsp.codelens')
132.081  018.026  003.390: require('vim.lsp')
134.045  001.961  001.961: require('vim.diagnostic')
136.170  118.895  026.661: require('doom.core')
136.207  123.203  000.692: sourcing /Users/connormeehan/.config/nvim/init.lua
136.231  002.398: sourcing vimrc file(s)
137.592  001.101  001.101: sourcing /Users/connormeehan/.asdf/installs/neovim/0.8.0/share/nvim/runtime/filetype.lua
138.260  000.599  000.599: sourcing /Users/connormeehan/.asdf/installs/neovim/0.8.0/share/nvim/runtime/filetype.vim
139.639  000.515  000.515: sourcing /Users/connormeehan/.asdf/installs/neovim/0.8.0/share/nvim/runtime/syntax/synload.vim
139.775  001.441  000.925: sourcing /Users/connormeehan/.asdf/installs/neovim/0.8.0/share/nvim/runtime/syntax/syntax.vim
141.972  000.442  000.442: sourcing /Users/connormeehan/.asdf/installs/neovim/0.8.0/share/nvim/runtime/plugin/gzip.vim
142.457  000.411  000.411: sourcing /Users/connormeehan/.asdf/installs/neovim/0.8.0/share/nvim/runtime/plugin/health.vim
142.931  000.405  000.405: sourcing /Users/connormeehan/.asdf/installs/neovim/0.8.0/share/nvim/runtime/plugin/matchit.vim
143.392  000.403  000.403: sourcing /Users/connormeehan/.asdf/installs/neovim/0.8.0/share/nvim/runtime/plugin/matchparen.vim
143.837  000.384  000.384: sourcing /Users/connormeehan/.asdf/installs/neovim/0.8.0/share/nvim/runtime/plugin/netrwPlugin.vim
144.851  000.386  000.386: sourcing /Users/connormeehan/.local/share/nvim/rplugin.vim
144.861  000.978  000.591: sourcing /Users/connormeehan/.asdf/installs/neovim/0.8.0/share/nvim/runtime/plugin/rplugin.vim
145.099  000.196  000.196: sourcing /Users/connormeehan/.asdf/installs/neovim/0.8.0/share/nvim/runtime/plugin/shada.vim
145.358  000.193  000.193: sourcing /Users/connormeehan/.asdf/installs/neovim/0.8.0/share/nvim/runtime/plugin/spellfile.vim
145.584  000.173  000.173: sourcing /Users/connormeehan/.asdf/installs/neovim/0.8.0/share/nvim/runtime/plugin/tarPlugin.vim
145.794  000.164  000.164: sourcing /Users/connormeehan/.asdf/installs/neovim/0.8.0/share/nvim/runtime/plugin/tohtml.vim
146.128  000.290  000.290: sourcing /Users/connormeehan/.asdf/installs/neovim/0.8.0/share/nvim/runtime/plugin/tutor.vim
146.533  000.356  000.356: sourcing /Users/connormeehan/.asdf/installs/neovim/0.8.0/share/nvim/runtime/plugin/zipPlugin.vim
147.515  000.240  000.240: sourcing /Users/connormeehan/.asdf/installs/neovim/0.8.0/share/nvim/runtime/plugin/man.lua
153.464  003.119  003.119: require('mini.doc')
156.160  000.512  000.512: require('todo-comments.util')
156.173  001.537  001.025: require('todo-comments.config')
157.605  000.802  000.802: require('todo-comments.highlight')
157.610  001.435  000.633: require('todo-comments.jump')
157.614  003.811  000.839: require('todo-comments')
158.272  000.581  000.581: require('nvim-mapper')
162.281  000.328  000.328: require('vim.treesitter.language')
162.327  001.496  001.169: require('vim.treesitter.query')
167.243  001.010  001.010: require('vim.treesitter.languagetree')
167.301  002.250  001.240: require('vim.treesitter')
167.550  003.624  001.374: require('nvim-treesitter.parsers')
168.158  000.606  000.606: require('nvim-treesitter.utils')
168.168  005.251  001.021: require('nvim-treesitter.ts_utils')
168.177  005.849  000.598: require('nvim-treesitter.tsrange')
168.714  000.534  000.534: require('nvim-treesitter.caching')
168.731  009.043  001.163: require('nvim-treesitter.query')
168.758  010.235  001.192: require('nvim-treesitter.configs')
170.314  001.324  001.324: require('heirline.utils')
170.851  000.534  000.534: require('heirline.conditions')
172.730  000.518  000.518: require('heirline.highlights')
172.743  001.144  000.626: require('heirline.statusline')
172.747  001.629  000.485: require('heirline')
175.515  000.558  000.558: require('iron.log')
177.859  001.154  001.154: require('iron.view')
178.163  000.300  000.300: require('iron.visibility')
178.565  000.399  000.399: require('iron.scope')
178.659  002.458  000.606: require('iron.config')
179.869  000.578  000.578: require('iron.fts.clojure')
180.224  000.318  000.318: require('iron.fts.cpp')
180.458  000.231  000.231: require('iron.fts.csh')
180.707  000.247  000.247: require('iron.fts.elixir')
180.970  000.260  000.260: require('iron.fts.elm')
181.219  000.245  000.245: require('iron.fts.erlang')
181.482  000.261  000.261: require('iron.fts.fennel')
181.729  000.244  000.244: require('iron.fts.forth')
181.985  000.253  000.253: require('iron.fts.haskell')
182.245  000.258  000.258: require('iron.fts.hy')
182.468  000.220  000.220: require('iron.fts.janet')
182.696  000.226  000.226: require('iron.fts.javascript')
182.934  000.235  000.235: require('iron.fts.julia')
183.148  000.213  000.213: require('iron.fts.lisp')
183.356  000.205  000.205: require('iron.fts.lua')
183.568  000.210  000.210: require('iron.fts.mma')
183.801  000.230  000.230: require('iron.fts.ocaml')
184.040  000.237  000.237: require('iron.fts.php')
184.266  000.222  000.222: require('iron.fts.prolog')
184.739  000.471  000.471: require('iron.fts.ps1')
185.046  000.304  000.304: require('iron.fts.pure')
185.774  000.222  000.222: require('iron.util.tables')
185.778  000.469  000.247: require('iron.fts.common')
185.843  000.795  000.326: require('iron.fts.python')
186.068  000.223  000.223: require('iron.fts.r')
186.323  000.253  000.253: require('iron.fts.racket')
186.525  000.200  000.200: require('iron.fts.ruby')
186.746  000.219  000.219: require('iron.fts.sbt')
186.968  000.219  000.219: require('iron.fts.scala')
187.179  000.209  000.209: require('iron.fts.scheme')
187.398  000.217  000.217: require('iron.fts.sh')
187.615  000.215  000.215: require('iron.fts.stata')
187.831  000.213  000.213: require('iron.fts.tcl')
188.043  000.209  000.209: require('iron.fts.typescript')
188.239  000.193  000.193: require('iron.fts.zsh')
188.241  009.580  000.746: require('iron.fts')
188.468  000.225  000.225: require('iron.providers')
188.475  012.954  000.691: require('iron.lowlevel')
188.940  000.463  000.463: require('iron.marks')
188.956  015.580  001.605: require('iron.core')
190.651  000.496  000.496: require('mason-core.path')
190.674  000.893  000.398: require('mason.settings')
192.874  000.655  000.655: require('mason-core.functional')
194.013  000.520  000.520: require('mason-core.functional.data')
194.020  001.110  000.590: require('mason-core.functional.function')
194.584  000.529  000.529: require('mason-core.functional.relation')
194.965  000.372  000.372: require('mason-core.functional.logic')
194.990  004.315  001.649: require('mason-core.platform')
194.993  005.715  000.507: require('mason')
196.332  000.785  000.785: require('mason-core.functional.list')
196.358  001.341  000.556: require('mason.api.command')
199.918  000.930  000.930: require('which-key.util')
199.923  001.521  000.592: require('which-key.tree')
200.520  000.594  000.594: require('which-key.config')
200.529  003.571  001.456: require('which-key.keys')
200.533  004.161  000.590: require('which-key')
202.351  000.495  000.495: require('gitsigns.async')
202.797  000.443  000.443: require('gitsigns.status')
205.024  000.517  000.517: require('gitsigns.debug')
205.601  000.573  000.573: require('gitsigns.util')
206.626  000.523  000.523: require('gitsigns.uv')
206.630  001.025  000.502: require('gitsigns.subprocess')
209.897  000.456  000.456: require('gitsigns.message')
209.907  001.843  001.387: require('gitsigns.config')
210.350  000.441  000.441: require('gitsigns.signs.base')
210.361  002.813  000.529: require('gitsigns.signs')
210.367  003.735  000.922: require('gitsigns.hunks')
210.378  007.578  001.728: require('gitsigns.git')
211.784  000.436  000.436: require('gitsigns.cache')
212.251  000.464  000.464: require('gitsigns.debounce')
212.685  000.430  000.430: require('gitsigns.diff')
212.697  002.318  000.988: require('gitsigns.manager')
213.177  000.477  000.477: require('gitsigns.highlight')
213.187  012.325  001.014: require('gitsigns')
214.576  000.621  000.621: require('gitsigns.signs.vimfn')
215.702  000.106  000.106: require('vim.inspect')
216.800  000.526  000.526: require('project_nvim.config')
218.102  000.330  000.330: require('project_nvim.utils.path')
218.111  001.271  000.941: require('project_nvim.utils.history')
218.114  002.369  000.571: require('project_nvim')
218.787  000.600  000.600: require('project_nvim.utils.globtopattern')
219.952  001.104  001.104: require('project_nvim.project')
223.864  000.454  000.454: require('neogen.config')
224.415  000.547  000.547: require('neogen.utilities.helpers')
225.195  000.777  000.777: require('neogen.mark')
225.202  004.537  002.758: require('neogen')
226.710  000.553  000.553: require('neogen.utilities.extractors')
227.500  000.787  000.787: require('neogen.types.template')
228.121  000.616  000.616: require('neogen.utilities.nodes')
229.093  000.968  000.968: require('neogen.template')
230.283  000.579  000.579: require('neogen.locators.default')
230.288  001.182  000.603: require('neogen.locators.lua')
230.870  000.567  000.567: require('neogen.templates.emmylua')
231.448  000.558  000.558: require('neogen.templates.ldoc')
231.451  006.212  000.981: require('neogen.configurations.lua')
232.841  000.440  000.440: require('neogen.locators.typescript')
234.753  001.908  001.908: require('neogen.templates.jsdoc')
235.186  000.430  000.430: require('neogen.templates.tsdoc')
235.193  003.670  000.893: require('neogen.configurations.typescript')
240.989  000.283  000.283: require('nvim-ts-autotag._log')
240.995  000.615  000.332: require('nvim-ts-autotag.utils')
241.008  001.801  001.186: require('nvim-ts-autotag.internal')
241.010  003.649  001.848: require('nvim-ts-autotag')
243.341  000.868  000.868: require('nvim-treesitter.info')
243.894  000.549  000.549: require('nvim-treesitter.shell_command_selectors')
243.920  002.391  000.973: require('nvim-treesitter.install')
244.206  000.283  000.283: require('nvim-treesitter.statusline')
244.707  000.498  000.498: require('nvim-treesitter.query_predicates')
244.711  003.699  000.527: require('nvim-treesitter')
244.719  007.736  000.387: sourcing /Users/connormeehan/.local/share/nvim/site/pack/packer/opt/nvim-ts-autotag/plugin/nvim-ts-autotag.vim
247.492  001.720  001.720: require('ts_context_commentstring')
247.499  002.002  000.282: sourcing /Users/connormeehan/.local/share/nvim/site/pack/packer/opt/nvim-ts-context-commentstring/plugin/ts_context_commentstring.vim
248.074  100.355  011.042: sourcing /Users/connormeehan/.local/share/nvim/plugin/packer_compiled.lua
248.085  003.724: loading rtp plugins
249.807  001.148  001.148: sourcing /Users/connormeehan/.local/share/nvim/site/pack/packer/start/editorconfig-vim/plugin/editorconfig.vim
251.046  000.416  000.416: sourcing /Users/connormeehan/.local/share/nvim/site/pack/packer/start/nightfox.nvim/plugin/nightfox.vim
251.765  000.420  000.420: sourcing /Users/connormeehan/.local/share/nvim/site/pack/packer/start/nvim-luapad/plugin/luapad.vim
254.715  000.686  000.686: require('vim.treesitter.highlighter')
254.877  001.542  000.856: require('nvim-treesitter.highlight')
255.183  002.989  001.447: sourcing /Users/connormeehan/.local/share/nvim/site/pack/packer/start/nvim-treesitter/plugin/nvim-treesitter.lua
256.055  000.412  000.412: sourcing /Users/connormeehan/.local/share/nvim/site/pack/packer/start/todo-comments.nvim/plugin/todo.vim
259.128  000.597  000.597: require('illuminate.util')
259.523  000.390  000.390: require('illuminate.config')
260.096  000.571  000.571: require('illuminate.reference')
260.102  001.992  000.434: require('illuminate.highlight')
260.111  003.195  001.203: require('illuminate.engine')
260.810  000.659  000.659: require('illuminate')
261.010  004.672  000.818: sourcing /Users/connormeehan/.local/share/nvim/site/pack/packer/start/vim-illuminate/plugin/illuminate.vim
261.894  000.421  000.421: sourcing /Users/connormeehan/.local/share/nvim/site/pack/packer/start/which-key.nvim/plugin/which-key.vim
262.281  003.717: loading packages
262.283  000.003: loading after plugins
262.302  000.019: inits 3
270.023  007.721: reading ShaDa
271.152  000.969  000.969: require('packer.load')
273.993  000.734  000.734: require('range-highlight.helper')
276.179  002.148  002.148: require('cmd-parser')
276.185  004.670  001.788: require('range-highlight')
281.379  001.465  001.465: require('vim.filetype')
283.925  000.935  000.935: sourcing /Users/connormeehan/.asdf/installs/neovim/0.8.0/share/nvim/runtime/ftplugin/json.vim
288.909  001.893  001.893: sourcing /Users/connormeehan/.asdf/installs/neovim/0.8.0/share/nvim/runtime/indent/json.vim
290.708  001.282  001.282: sourcing /Users/connormeehan/.asdf/installs/neovim/0.8.0/share/nvim/runtime/syntax/json.vim
294.039  002.107  002.107: require('nvim-treesitter.locals')
294.052  002.964  000.857: require('nvim-treesitter.incremental_selection')
295.640  001.134  001.134: require('nvim-treesitter.indent')
298.473  000.619  000.619: require('ts_context_commentstring.utils')
298.486  001.421  000.803: require('ts_context_commentstring.internal')
299.165  000.533  000.533: require('illuminate.providers.treesitter')
303.754  000.630  000.630: require('nvim-autopairs._log')
305.039  001.280  001.280: require('nvim-autopairs.utils')
308.075  001.386  001.386: require('nvim-autopairs.conds')
308.085  002.357  000.970: require('nvim-autopairs.rule')
308.087  003.045  000.688: require('nvim-autopairs.rules.basic')
308.101  008.298  003.344: require('nvim-autopairs')
310.095  000.851  000.851: require('nvim-autopairs.ts-conds')
310.125  001.356  000.505: require('nvim-autopairs.rules.ts_basic')
314.831  003.241  003.241: require('vim.filetype.detect')
315.970  015.784: opening buffers
316.063  000.093: BufEnter autocommands
316.069  000.006: editing files in windows
316.708  000.583  000.583: require('which-key.plugins')
317.487  000.771  000.771: require('which-key.plugins.presets')
318.012  000.520  000.520: require('which-key.plugins.presets.misc')
318.417  000.394  000.394: require('which-key.colors')
329.190  000.566  000.566: require('illuminate.providers.lsp')
329.236  010.333: VimEnter autocommands
329.239  000.002: UIEnter autocommands
331.030  001.560  001.560: sourcing /Users/connormeehan/.asdf/installs/neovim/0.8.0/share/nvim/runtime/autoload/provider/clipboard.vim
331.039  000.241: before starting main loop
335.120  000.501  000.501: sourcing /Users/connormeehan/.local/share/nvim/site/pack/packer/opt/nvim-web-devicons/plugin/nvim-web-devicons.vim
338.084  003.892  003.391: require('nvim-web-devicons')
343.364  008.433: first screen update
343.367  000.004: --- NVIM STARTED ---
